Using pre-set license
Built from '2022.3/staging' branch; Version is '2022.3.23f1 (dbb3f7c5b5c6) revision 14398455'; Using compiler version '192829333'; Build Type 'Release'
OS: 'Windows 10  (10.0.19045) 64bit Professional' Language: 'uk' Physical Memory: 32686 MB
BatchMode: 1, IsHumanControllingUs: 0, StartBugReporterOnCrash: 0, Is64bit: 1, IsPro: 1

COMMAND LINE ARGUMENTS:
D:\Unity C\2022.3.23f1\Editor\Unity.exe
-adb2
-batchMode
-noUpm
-name
AssetImportWorker0
-projectPath
D:/Unity C/RUNNER/RunForestRun
-logFile
Logs/AssetImportWorker0.log
-srvPort
49953
Successfully changed project path to: D:/Unity C/RUNNER/RunForestRun
D:/Unity C/RUNNER/RunForestRun
[UnityMemory] Configuration Parameters - Can be set up in boot.config
    "memorysetup-bucket-allocator-granularity=16"
    "memorysetup-bucket-allocator-bucket-count=8"
    "memorysetup-bucket-allocator-block-size=33554432"
    "memorysetup-bucket-allocator-block-count=8"
    "memorysetup-main-allocator-block-size=16777216"
    "memorysetup-thread-allocator-block-size=16777216"
    "memorysetup-gfx-main-allocator-block-size=16777216"
    "memorysetup-gfx-thread-allocator-block-size=16777216"
    "memorysetup-cache-allocator-block-size=4194304"
    "memorysetup-typetree-allocator-block-size=2097152"
    "memorysetup-profiler-bucket-allocator-granularity=16"
    "memorysetup-profiler-bucket-allocator-bucket-count=8"
    "memorysetup-profiler-bucket-allocator-block-size=33554432"
    "memorysetup-profiler-bucket-allocator-block-count=8"
    "memorysetup-profiler-allocator-block-size=16777216"
    "memorysetup-profiler-editor-allocator-block-size=1048576"
    "memorysetup-temp-allocator-size-main=16777216"
    "memorysetup-job-temp-allocator-block-size=2097152"
    "memorysetup-job-temp-allocator-block-size-background=1048576"
    "memorysetup-job-temp-allocator-reduction-small-platforms=262144"
    "memorysetup-allocator-temp-initial-block-size-main=262144"
    "memorysetup-allocator-temp-initial-block-size-worker=262144"
    "memorysetup-temp-allocator-size-background-worker=32768"
    "memorysetup-temp-allocator-size-job-worker=262144"
    "memorysetup-temp-allocator-size-preload-manager=33554432"
    "memorysetup-temp-allocator-size-nav-mesh-worker=65536"
    "memorysetup-temp-allocator-size-audio-worker=65536"
    "memorysetup-temp-allocator-size-cloud-worker=32768"
    "memorysetup-temp-allocator-size-gi-baking-worker=262144"
    "memorysetup-temp-allocator-size-gfx=262144"
Player connection [29400] Host "[IP] 192.168.0.109 [Port] 0 [Flags] 2 [Guid] 925556309 [EditorId] 925556309 [Version] 1048832 [Id] WindowsEditor(7,DESKTOP-MGLQ5K5) [Debug] 1 [PackageName] WindowsEditor [ProjectName] Editor" joined multi-casting on [225.0.0.222:54997]...

Player connection [29400] Host "[IP] 192.168.0.109 [Port] 0 [Flags] 2 [Guid] 925556309 [EditorId] 925556309 [Version] 1048832 [Id] WindowsEditor(7,DESKTOP-MGLQ5K5) [Debug] 1 [PackageName] WindowsEditor [ProjectName] Editor" joined alternative multi-casting on [225.0.0.222:34997]...

[Physics::Module] Initialized MultithreadedJobDispatcher with 7 workers.
Refreshing native plugins compatible for Editor in 10.53 ms, found 2 plugins.
Preloading 0 native plugins for Editor in 0.00 ms.
Initialize engine version: 2022.3.23f1 (dbb3f7c5b5c6)
[Subsystems] Discovering subsystems at path D:/Unity C/2022.3.23f1/Editor/Data/Resources/UnitySubsystems
[Subsystems] Discovering subsystems at path D:/Unity C/RUNNER/RunForestRun/Assets
GfxDevice: creating device client; threaded=0; jobified=0
Direct3D:
    Version:  Direct3D 11.0 [level 11.1]
    Renderer: NVIDIA GeForce RTX 2060 SUPER (ID=0x1f06)
    Vendor:   NVIDIA
    VRAM:     8019 MB
    Driver:   31.0.15.3623
Initialize mono
Mono path[0] = 'D:/Unity C/2022.3.23f1/Editor/Data/Managed'
Mono path[1] = 'D:/Unity C/2022.3.23f1/Editor/Data/MonoBleedingEdge/lib/mono/unityjit-win32'
Mono config path = 'D:/Unity C/2022.3.23f1/Editor/Data/MonoBleedingEdge/etc'
Using monoOptions --debugger-agent=transport=dt_socket,embedding=1,server=y,suspend=n,address=127.0.0.1:56564
Begin MonoManager ReloadAssembly
Registering precompiled unity dll's ...
Register platform support module: D:/Unity C/2022.3.23f1/Editor/Data/PlaybackEngines/WebGLSupport/UnityEditor.WebGL.Extensions.dll
Register platform support module: D:/Unity C/2022.3.23f1/Editor/Data/PlaybackEngines/AndroidPlayer/UnityEditor.Android.Extensions.dll
Register platform support module: D:/Unity C/2022.3.23f1/Editor/Data/PlaybackEngines/WindowsStandaloneSupport/UnityEditor.WindowsStandalone.Extensions.dll
Registered in 0.004719 seconds.
- Loaded All Assemblies, in  0.360 seconds
Native extension for WindowsStandalone target not found
Native extension for Android target not found
Android Extension - Scanning For ADB Devices 843 ms
Native extension for WebGL target not found
Mono: successfully reloaded assembly
- Finished resetting the current domain, in  1.202 seconds
Domain Reload Profiling: 1562ms
	BeginReloadAssembly (116ms)
		ExecutionOrderSort (0ms)
		DisableScriptedObjects (0ms)
		BackupInstance (0ms)
		ReleaseScriptingObjects (0ms)
		CreateAndSetChildDomain (1ms)
	RebuildCommonClasses (32ms)
	RebuildNativeTypeToScriptingClass (11ms)
	initialDomainReloadingComplete (51ms)
	LoadAllAssembliesAndSetupDomain (150ms)
		LoadAssemblies (116ms)
		RebuildTransferFunctionScriptingTraits (0ms)
		AnalyzeDomain (147ms)
			TypeCache.Refresh (146ms)
				TypeCache.ScanAssembly (132ms)
			ScanForSourceGeneratedMonoScriptInfo (0ms)
			ResolveRequiredComponents (0ms)
	FinalizeReload (1203ms)
		ReleaseScriptCaches (0ms)
		RebuildScriptCaches (0ms)
		SetupLoadedEditorAssemblies (1143ms)
			LogAssemblyErrors (0ms)
			InitializePlatformSupportModulesInManaged (968ms)
			SetLoadedEditorAssemblies (4ms)
			RefreshPlugins (0ms)
			BeforeProcessingInitializeOnLoad (2ms)
			ProcessInitializeOnLoadAttributes (124ms)
			ProcessInitializeOnLoadMethodAttributes (45ms)
			AfterProcessingInitializeOnLoad (0ms)
			EditorAssembliesLoaded (0ms)
		ExecutionOrderSort2 (0ms)
		AwakeInstancesAfterBackupRestoration (0ms)
========================================================================
Worker process is ready to serve import requests
Begin MonoManager ReloadAssembly
Symbol file LoadedFromMemory is not a mono symbol file
- Loaded All Assemblies, in  0.515 seconds
Refreshing native plugins compatible for Editor in 4.92 ms, found 2 plugins.
Native extension for WindowsStandalone target not found
Native extension for Android target not found
Native extension for WebGL target not found
Package Manager log level set to [2]
[Package Manager] Server::EnsureServerProcessIsRunning -- launch failed, reason: Unity was launched with the -noUpm command-line argument
[Package Manager] UpmClient::Send -- Unable to send message (not connected to UPM process).
[Package Manager] Cannot connect to Unity Package Manager local server
Mono: successfully reloaded assembly
- Finished resetting the current domain, in  0.688 seconds
Domain Reload Profiling: 1202ms
	BeginReloadAssembly (132ms)
		ExecutionOrderSort (0ms)
		DisableScriptedObjects (7ms)
		BackupInstance (0ms)
		ReleaseScriptingObjects (0ms)
		CreateAndSetChildDomain (20ms)
	RebuildCommonClasses (32ms)
	RebuildNativeTypeToScriptingClass (10ms)
	initialDomainReloadingComplete (34ms)
	LoadAllAssembliesAndSetupDomain (305ms)
		LoadAssemblies (251ms)
		RebuildTransferFunctionScriptingTraits (0ms)
		AnalyzeDomain (127ms)
			TypeCache.Refresh (105ms)
				TypeCache.ScanAssembly (86ms)
			ScanForSourceGeneratedMonoScriptInfo (19ms)
			ResolveRequiredComponents (3ms)
	FinalizeReload (688ms)
		ReleaseScriptCaches (0ms)
		RebuildScriptCaches (0ms)
		SetupLoadedEditorAssemblies (530ms)
			LogAssemblyErrors (0ms)
			InitializePlatformSupportModulesInManaged (22ms)
			SetLoadedEditorAssemblies (4ms)
			RefreshPlugins (0ms)
			BeforeProcessingInitializeOnLoad (56ms)
			ProcessInitializeOnLoadAttributes (291ms)
			ProcessInitializeOnLoadMethodAttributes (155ms)
			AfterProcessingInitializeOnLoad (2ms)
			EditorAssembliesLoaded (0ms)
		ExecutionOrderSort2 (0ms)
		AwakeInstancesAfterBackupRestoration (5ms)
Launched and connected shader compiler UnityShaderCompiler.exe after 0.03 seconds
Refreshing native plugins compatible for Editor in 4.38 ms, found 2 plugins.
Preloading 0 native plugins for Editor in 0.00 ms.
Unloading 2510 Unused Serialized files (Serialized files now loaded: 0)
Unloading 63 unused Assets / (70.9 KB). Loaded Objects now: 2954.
Memory consumption went from 113.0 MB to 112.9 MB.
Total: 5.846000 ms (FindLiveObjects: 0.203600 ms CreateObjectMapping: 0.159300 ms MarkObjects: 5.339500 ms  DeleteObjects: 0.142700 ms)

AssetImportParameters requested are different than current active one (requested -> active):
  custom:video-decoder-webm-vp8: 9c59270c3fd7afecdb556c50c9e8de78 -> 
  custom:SearchIndexIgnoredProperties: e643bd26f0fe6173181afceb89e7c659 -> 
  custom:container-demuxer-ogg: 62fdf1f143b41e24485cea50d1cbac27 -> 
  custom:AudioImporter_EditorPlatform: d09bf68614088b80899f8185d706f6e7 -> 
  custom:video-decoder-ogg-theora: a1e56fd34408186e4bbccfd4996cb3dc -> 
  custom:framework-win-MediaFoundation: 216162199b28c13a410421893ffa2e32 -> 
  custom:video-encoder-webm-vp8: eb34c28f22e8b96e1ab97ce403110664 -> 
  custom:audio-decoder-ogg-vorbis: bf7c407c2cedff20999df2af8eb42d56 -> 
  custom:CustomObjectIndexerAttribute: 9a22284fe3817be447336de3de66b15e -> 
  custom:container-demuxer-webm: 4f35f7cbe854078d1ac9338744f61a02 -> 
  custom:audio-encoder-webm-vorbis: bf7c407c2cedff20999df2af8eb42d56 -> 
  custom:container-muxer-webm: aa71ff27fc2769a1b78a27578f13a17b -> 
========================================================================
Received Import Request.
  Time since last request: 31015.284797 seconds.
  path: Assets/Obstacle Pack/Models/jump trap.fbx
  artifactKey: Guid(ff9f866c3c16c492ba5492dee05cd736) Importer(815301076,1909f56bfc062723c751e8b465ee728b)
Start importing Assets/Obstacle Pack/Models/jump trap.fbx using Guid(ff9f866c3c16c492ba5492dee05cd736) Importer(815301076,1909f56bfc062723c751e8b465ee728b)  -> (artifact id: 'ca6d939575039649d1181ae0a573438a') in 0.294444 seconds
Number of updated asset objects reloaded before import = 0
Number of asset objects unloaded after import = 16
========================================================================
Received Import Request.
  Time since last request: 0.000029 seconds.
  path: Assets/Obstacle Pack/Models/log_trap2.fbx
  artifactKey: Guid(28052bd2800d245a6a9d447d30576b92) Importer(815301076,1909f56bfc062723c751e8b465ee728b)
Start importing Assets/Obstacle Pack/Models/log_trap2.fbx using Guid(28052bd2800d245a6a9d447d30576b92) Importer(815301076,1909f56bfc062723c751e8b465ee728b)  -> (artifact id: '8567ce62ff6466eebb678eae53e3d78c') in 0.022859 seconds
Number of updated asset objects reloaded before import = 0
Number of asset objects unloaded after import = 9
========================================================================
Received Import Request.
  Time since last request: 0.000013 seconds.
  path: Assets/Obstacle Pack/Models/obstacle flamethrower.fbx
  artifactKey: Guid(7df3c6926fd734353aac4d8ee499c250) Importer(815301076,1909f56bfc062723c751e8b465ee728b)
Start importing Assets/Obstacle Pack/Models/obstacle flamethrower.fbx using Guid(7df3c6926fd734353aac4d8ee499c250) Importer(815301076,1909f56bfc062723c751e8b465ee728b)  -> (artifact id: 'e669c16f4b9bad43ea30e269af26c161') in 0.017567 seconds
Number of updated asset objects reloaded before import = 0
Number of asset objects unloaded after import = 9
========================================================================
Received Import Request.
  Time since last request: 0.000012 seconds.
  path: Assets/Obstacle Pack/Models/press.fbx
  artifactKey: Guid(4482214f8933546f6997609946a510bd) Importer(815301076,1909f56bfc062723c751e8b465ee728b)
Start importing Assets/Obstacle Pack/Models/press.fbx using Guid(4482214f8933546f6997609946a510bd) Importer(815301076,1909f56bfc062723c751e8b465ee728b)  -> (artifact id: 'f7ef4c19fe9b0a771f04f2f70fa7272b') in 0.030040 seconds
Number of updated asset objects reloaded before import = 0
Number of asset objects unloaded after import = 17
========================================================================
Received Import Request.
  Time since last request: 0.000012 seconds.
  path: Assets/Obstacle Pack/Models/obstacle poisonthrower.fbx
  artifactKey: Guid(dfe5eb226798d44d589ec245dd6903cd) Importer(815301076,1909f56bfc062723c751e8b465ee728b)
Start importing Assets/Obstacle Pack/Models/obstacle poisonthrower.fbx using Guid(dfe5eb226798d44d589ec245dd6903cd) Importer(815301076,1909f56bfc062723c751e8b465ee728b)  -> (artifact id: '5842d20eb465b849eec73294e56e0d66') in 0.017607 seconds
Number of updated asset objects reloaded before import = 0
Number of asset objects unloaded after import = 9
========================================================================
Received Import Request.
  Time since last request: 0.000012 seconds.
  path: Assets/Obstacle Pack/Models/barrier.fbx
  artifactKey: Guid(36a75e11c9f6f4032a59f1c5e5203bc2) Importer(815301076,1909f56bfc062723c751e8b465ee728b)
Start importing Assets/Obstacle Pack/Models/barrier.fbx using Guid(36a75e11c9f6f4032a59f1c5e5203bc2) Importer(815301076,1909f56bfc062723c751e8b465ee728b)  -> (artifact id: '3728c4b1f9efcf74461af0c595669739') in 0.017771 seconds
Number of updated asset objects reloaded before import = 0
Number of asset objects unloaded after import = 9
========================================================================
Received Import Request.
  Time since last request: 0.000014 seconds.
  path: Assets/Obstacle Pack/Models/Bomb.fbx
  artifactKey: Guid(3c47550989e8e47859e785a4893523e6) Importer(815301076,1909f56bfc062723c751e8b465ee728b)
Start importing Assets/Obstacle Pack/Models/Bomb.fbx using Guid(3c47550989e8e47859e785a4893523e6) Importer(815301076,1909f56bfc062723c751e8b465ee728b)  -> (artifact id: '6bc333ae6e77ec1175df34cbfdf76cdc') in 0.019199 seconds
Number of updated asset objects reloaded before import = 0
Number of asset objects unloaded after import = 9
========================================================================
Received Import Request.
  Time since last request: 0.000014 seconds.
  path: Assets/Obstacle Pack/Models/obstacle spikewall.fbx
  artifactKey: Guid(f0b363472b08d4612ab5ec09bea39817) Importer(815301076,1909f56bfc062723c751e8b465ee728b)
Start importing Assets/Obstacle Pack/Models/obstacle spikewall.fbx using Guid(f0b363472b08d4612ab5ec09bea39817) Importer(815301076,1909f56bfc062723c751e8b465ee728b)  -> (artifact id: 'e7382b9b006cc9de14d3fd86aac036a2') in 0.019844 seconds
Number of updated asset objects reloaded before import = 0
Number of asset objects unloaded after import = 9
========================================================================
Received Import Request.
  Time since last request: 0.000013 seconds.
  path: Assets/Obstacle Pack/Models/puchn_trap.fbx
  artifactKey: Guid(7877a047dc9664336a19ff55159ae6ba) Importer(815301076,1909f56bfc062723c751e8b465ee728b)
Start importing Assets/Obstacle Pack/Models/puchn_trap.fbx using Guid(7877a047dc9664336a19ff55159ae6ba) Importer(815301076,1909f56bfc062723c751e8b465ee728b)  -> (artifact id: 'ad8a8cf1b2b3405437923a72530883f8') in 0.051408 seconds
Number of updated asset objects reloaded before import = 0
Number of asset objects unloaded after import = 52
========================================================================
Received Import Request.
  Time since last request: 0.000017 seconds.
  path: Assets/Obstacle Pack/Models/flamethrower.fbx
  artifactKey: Guid(64ff4cf4c90094388a380f91080c7511) Importer(815301076,1909f56bfc062723c751e8b465ee728b)
Start importing Assets/Obstacle Pack/Models/flamethrower.fbx using Guid(64ff4cf4c90094388a380f91080c7511) Importer(815301076,1909f56bfc062723c751e8b465ee728b)  -> (artifact id: 'ca143e65745205bb7a6c47557b800f7e') in 0.016875 seconds
Number of updated asset objects reloaded before import = 0
Number of asset objects unloaded after import = 9
========================================================================
Received Import Request.
  Time since last request: 4.927449 seconds.
  path: Assets/Obstacle Pack/Prefabs/barrier.prefab
  artifactKey: Guid(4296e912923414867b933c5a38ee788b) Importer(815301076,1909f56bfc062723c751e8b465ee728b)
Start importing Assets/Obstacle Pack/Prefabs/barrier.prefab using Guid(4296e912923414867b933c5a38ee788b) Importer(815301076,1909f56bfc062723c751e8b465ee728b)  -> (artifact id: '3b62d2c2fbe38d1ddaaefdb4e34efcb7') in 0.015928 seconds
Number of updated asset objects reloaded before import = 0
Number of asset objects unloaded after import = 10
========================================================================
Received Import Request.
  Time since last request: 0.000021 seconds.
  path: Assets/Obstacle Pack/Prefabs/blade.prefab
  artifactKey: Guid(fc7cb1d5377e844578db581b509d3721) Importer(815301076,1909f56bfc062723c751e8b465ee728b)
Start importing Assets/Obstacle Pack/Prefabs/blade.prefab using Guid(fc7cb1d5377e844578db581b509d3721) Importer(815301076,1909f56bfc062723c751e8b465ee728b)  -> (artifact id: 'e05ad52fd38972e1b07fe5759000ebd8') in 0.017302 seconds
Number of updated asset objects reloaded before import = 0
Number of asset objects unloaded after import = 31
========================================================================
Received Import Request.
  Time since last request: 0.000035 seconds.
  path: Assets/Obstacle Pack/Prefabs/Bomb.prefab
  artifactKey: Guid(e2103ca562efa49adb23f7a935416c2b) Importer(815301076,1909f56bfc062723c751e8b465ee728b)
Start importing Assets/Obstacle Pack/Prefabs/Bomb.prefab using Guid(e2103ca562efa49adb23f7a935416c2b) Importer(815301076,1909f56bfc062723c751e8b465ee728b)  -> (artifact id: '85eed617421071a3e42dabf75f81c4f1') in 0.014145 seconds
Number of updated asset objects reloaded before import = 0
Number of asset objects unloaded after import = 17
========================================================================
Received Import Request.
  Time since last request: 0.000058 seconds.
  path: Assets/Obstacle Pack/Prefabs/ice wall.prefab
  artifactKey: Guid(3d9200d81175a46c89f8c1b896927fb5) Importer(815301076,1909f56bfc062723c751e8b465ee728b)
Start importing Assets/Obstacle Pack/Prefabs/ice wall.prefab using Guid(3d9200d81175a46c89f8c1b896927fb5) Importer(815301076,1909f56bfc062723c751e8b465ee728b)  -> (artifact id: '0e5e9b54efea31ff37280582b8b74692') in 0.010746 seconds
Number of updated asset objects reloaded before import = 0
Number of asset objects unloaded after import = 14
========================================================================
Received Import Request.
  Time since last request: 0.000012 seconds.
  path: Assets/Obstacle Pack/Prefabs/log_trap2.prefab
  artifactKey: Guid(209f57d62745844509914fb24a2ccff7) Importer(815301076,1909f56bfc062723c751e8b465ee728b)
Start importing Assets/Obstacle Pack/Prefabs/log_trap2.prefab using Guid(209f57d62745844509914fb24a2ccff7) Importer(815301076,1909f56bfc062723c751e8b465ee728b)  -> (artifact id: 'c9cb34bc4401bc5cdb0a8a8f1e3a941d') in 0.013936 seconds
Number of updated asset objects reloaded before import = 0
Number of asset objects unloaded after import = 15
========================================================================
Received Import Request.
  Time since last request: 0.000012 seconds.
  path: Assets/Obstacle Pack/Prefabs/obstacle flamethrower.prefab
  artifactKey: Guid(57a4d4bc3f2c541889379a3098b9f7cd) Importer(815301076,1909f56bfc062723c751e8b465ee728b)
Start importing Assets/Obstacle Pack/Prefabs/obstacle flamethrower.prefab using Guid(57a4d4bc3f2c541889379a3098b9f7cd) Importer(815301076,1909f56bfc062723c751e8b465ee728b)  -> (artifact id: '39961746bdb9ccc148126fd449f2e010') in 0.012869 seconds
Number of updated asset objects reloaded before import = 0
Number of asset objects unloaded after import = 13
========================================================================
Received Import Request.
  Time since last request: 0.000016 seconds.
  path: Assets/Obstacle Pack/Prefabs/obstacle spike.prefab
  artifactKey: Guid(65d3977a6ff8c48858537ce7c3e8c614) Importer(815301076,1909f56bfc062723c751e8b465ee728b)
Start importing Assets/Obstacle Pack/Prefabs/obstacle spike.prefab using Guid(65d3977a6ff8c48858537ce7c3e8c614) Importer(815301076,1909f56bfc062723c751e8b465ee728b)  -> (artifact id: '1736d7968886afaa838ed6f156883351') in 0.018936 seconds
Number of updated asset objects reloaded before import = 0
Number of asset objects unloaded after import = 22
========================================================================
Received Import Request.
  Time since last request: 0.000012 seconds.
  path: Assets/Obstacle Pack/Prefabs/oil.prefab
  artifactKey: Guid(15d5c323aef854a98bb36b76e8b29e03) Importer(815301076,1909f56bfc062723c751e8b465ee728b)
Start importing Assets/Obstacle Pack/Prefabs/oil.prefab using Guid(15d5c323aef854a98bb36b76e8b29e03) Importer(815301076,1909f56bfc062723c751e8b465ee728b)  -> (artifact id: 'b1f950635a8c91dfa66c06d56dba2902') in 0.017548 seconds
Number of updated asset objects reloaded before import = 0
Number of asset objects unloaded after import = 25
========================================================================
Received Import Request.
  Time since last request: 0.000013 seconds.
  path: Assets/Obstacle Pack/Prefabs/flamethrower.prefab
  artifactKey: Guid(935873a4929814a659611b6f2160bf6c) Importer(815301076,1909f56bfc062723c751e8b465ee728b)
Start importing Assets/Obstacle Pack/Prefabs/flamethrower.prefab using Guid(935873a4929814a659611b6f2160bf6c) Importer(815301076,1909f56bfc062723c751e8b465ee728b)  -> (artifact id: '7ad009c3b2ab8ee36de59ee5508e1e88') in 0.053039 seconds
Number of updated asset objects reloaded before import = 0
Number of asset objects unloaded after import = 9
========================================================================
Received Import Request.
  Time since last request: 0.000013 seconds.
  path: Assets/Obstacle Pack/Prefabs/obstacle log.prefab
  artifactKey: Guid(32abe01246ded4192be13d15892e679c) Importer(815301076,1909f56bfc062723c751e8b465ee728b)
Start importing Assets/Obstacle Pack/Prefabs/obstacle log.prefab using Guid(32abe01246ded4192be13d15892e679c) Importer(815301076,1909f56bfc062723c751e8b465ee728b)  -> (artifact id: '5db7e2e789fd700e5b99076cc5ca4654') in 0.021490 seconds
Number of updated asset objects reloaded before import = 0
Number of asset objects unloaded after import = 28
========================================================================
Received Import Request.
  Time since last request: 0.000015 seconds.
  path: Assets/Obstacle Pack/Prefabs/log_trap.prefab
  artifactKey: Guid(3be617efde6ad4176bc0c66747635f24) Importer(815301076,1909f56bfc062723c751e8b465ee728b)
Start importing Assets/Obstacle Pack/Prefabs/log_trap.prefab using Guid(3be617efde6ad4176bc0c66747635f24) Importer(815301076,1909f56bfc062723c751e8b465ee728b)  -> (artifact id: '579ec707ba41f093ccc5ad0538f95834') in 0.052418 seconds
Number of updated asset objects reloaded before import = 0
Number of asset objects unloaded after import = 29
========================================================================
Received Import Request.
  Time since last request: 14.626141 seconds.
  path: Assets/Obstacle Pack/Scenes/Global Volume Profile.asset
  artifactKey: Guid(34bb827adcfd94f9e80683ec9f077d59) Importer(815301076,1909f56bfc062723c751e8b465ee728b)
Start importing Assets/Obstacle Pack/Scenes/Global Volume Profile.asset using Guid(34bb827adcfd94f9e80683ec9f077d59) Importer(815301076,1909f56bfc062723c751e8b465ee728b)  -> (artifact id: '5f431ed89af773c6794007a8deb3ad63') in 0.001228 seconds
Number of updated asset objects reloaded before import = 0
Number of asset objects unloaded after import = 1
========================================================================
Received Import Request.
  Time since last request: 4.577644 seconds.
  path: Assets/Road/Movement.cs
  artifactKey: Guid(dc9872130be15b94a909abbbc7c3eda4) Importer(815301076,1909f56bfc062723c751e8b465ee728b)
Start importing Assets/Road/Movement.cs using Guid(dc9872130be15b94a909abbbc7c3eda4) Importer(815301076,1909f56bfc062723c751e8b465ee728b)  -> (artifact id: '5b3f462a91b071821cde9fdf0cfc42f5') in 0.000365 seconds
Number of updated asset objects reloaded before import = 0
Number of asset objects unloaded after import = 0
========================================================================
Received Import Request.
  Time since last request: 0.839106 seconds.
  path: Assets/Road/Road_Generator.cs
  artifactKey: Guid(8d3f5f3ffe643b9428b2410be5b6edd5) Importer(815301076,1909f56bfc062723c751e8b465ee728b)
Start importing Assets/Road/Road_Generator.cs using Guid(8d3f5f3ffe643b9428b2410be5b6edd5) Importer(815301076,1909f56bfc062723c751e8b465ee728b)  -> (artifact id: '19318cf0bb24c9065442329b07b33249') in 0.000478 seconds
Number of updated asset objects reloaded before import = 0
Number of asset objects unloaded after import = 0
